Started at Wed Dec 22 19:31:28 IST 2021
Processing project1
Offering project1 to Project Build Discarder
project1 accepted by Project Build Discarder
Processing project2
Offering project2 to Project Build Discarder
Finished at Wed Dec 22 19:31:28 IST 2021. 28ms
Started at Wed Dec 22 20:31:28 IST 2021
Processing project1
Offering project1 to Project Build Discarder
project1 accepted by Project Build Discarder
Processing project3
Offering project3 to Project Build Discarder
Finished at Wed Dec 22 20:31:28 IST 2021. 197ms
Started at Thu Dec 23 06:59:58 IST 2021
Processing project1
Offering project1 to Project Build Discarder
project1 accepted by Project Build Discarder
Processing project3
Offering project3 to Project Build Discarder
Finished at Thu Dec 23 06:59:58 IST 2021. 188ms
Started at Thu Dec 23 07:31:26 IST 2021
Processing project1
Offering project1 to Project Build Discarder
project1 accepted by Project Build Discarder
Processing project3
Offering project3 to Project Build Discarder
Finished at Thu Dec 23 07:31:26 IST 2021. 484ms
Started at Thu Dec 23 08:31:26 IST 2021
Processing project1
Offering project1 to Project Build Discarder
project1 accepted by Project Build Discarder
Processing project3
Offering project3 to Project Build Discarder
Finished at Thu Dec 23 08:31:26 IST 2021. 19ms
Started at Thu Dec 23 09:39:12 IST 2021
Processing project1
Offering project1 to Project Build Discarder
project1 accepted by Project Build Discarder
Processing project3
Offering project3 to Project Build Discarder
Finished at Thu Dec 23 09:39:12 IST 2021. 0ms
Started at Thu Dec 23 10:31:26 IST 2021
Processing project1
Offering project1 to Project Build Discarder
project1 accepted by Project Build Discarder
Processing project3
Offering project3 to Project Build Discarder
Finished at Thu Dec 23 10:31:26 IST 2021. 225ms
Started at Thu Dec 23 11:31:25 IST 2021
Processing job1
Offering job1 to Project Build Discarder
Processing job2
Offering job2 to Project Build Discarder
Processing job3
Offering job3 to Project Build Discarder
Processing project1
Offering project1 to Project Build Discarder
project1 accepted by Project Build Discarder
Processing project3
Offering project3 to Project Build Discarder
Finished at Thu Dec 23 11:31:25 IST 2021. 14ms
